0 info it worked if it ends with ok
1 verbose cli [ 'C:\\Program Files\\nodejs\\node.exe',
1 verbose cli   'C:\\Program Files\\nodejs\\node_modules\\npm\\bin\\npm-cli.js',
1 verbose cli   'start' ]
2 info using npm@3.10.10
3 info using node@v6.11.2
4 verbose run-script [ 'prestart', 'start', 'poststart' ]
5 info lifecycle mqtt-server@1.0.0~prestart: mqtt-server@1.0.0
6 silly lifecycle mqtt-server@1.0.0~prestart: no script for prestart, continuing
7 info lifecycle mqtt-server@1.0.0~start: mqtt-server@1.0.0
8 verbose lifecycle mqtt-server@1.0.0~start: unsafe-perm in lifecycle true
9 verbose lifecycle mqtt-server@1.0.0~start: PATH: C:\Program Files\nodejs\node_modules\npm\bin\node-gyp-bin;E:\Campus\Projects\Smart-Rice-Paddy-Storage\mqtt\node_modules\.bin;C:\Program Files (x86)\Common Files\Oracle\Java\javapath;E:\Campus\Academic\apache-maven-3.5.2\bin;E:\SoFtWareZ\INSTALLED\jdk1.8.0_25\bin;C:\ProgramData\Oracle\Java\javapath;C:\Program Files (x86)\Intel\iCLS Client\;C:\Program Files\Intel\iCLS Client\;C:\Windows\system32;C:\Windows;C:\Windows\System32\Wbem;C:\Windows\System32\WindowsPowerShell\v1.0\;C:\Program Files (x86)\Intel\Intel(R) Management Engine Components\DAL;C:\Program Files\Intel\Intel(R) Management Engine Components\DAL;C:\Program Files (x86)\Intel\Intel(R) Management Engine Components\IPT;C:\Program Files\Intel\Intel(R) Management Engine Components\IPT;C:\Program Files (x86)\NVIDIA Corporation\PhysX\Common;C:\WINDOWS\system32;C:\WINDOWS;C:\WINDOWS\System32\Wbem;C:\WINDOWS\System32\WindowsPowerShell\v1.0\;E:\SoFtWareZ\INSTALLED\matlab\runtime\win64;E:\SoFtWareZ\INSTALLED\matlab\bin;E:\SoFtWareZ\INSTALLED\matlab\polyspace\bin;C:\Program Files\nodejs\;C:\Program Files\Git\cmd;E:\SoFtWareZ\INSTALLED\git\bin;C:\Program Files\MySQL\MySQL Utilities 1.6\;E:\SoFtWareZ\INSTALLED\wamp64\bin\php\php7.1.9;C:\ProgramData\ComposerSetup\bin;E:\Campus\Academic\apache-tomcat-8.5.28\bin;C:\Program Files\PuTTY\;E:\Campus\Academic\apache-maven-3.5.3\bin;E:\SoFtWareZ\INSTALLED\jdk1.8.0_25\bin;C:\Program Files\Git\bin;C:\Program Files\Microsoft VS Code\bin;C:\iverilog\bin;C:\Program Files\MySQL\MySQL Server 5.7\bin;C:\Users\StharanaS\AppData\Roaming\Composer\vendor\bin;
10 verbose lifecycle mqtt-server@1.0.0~start: CWD: E:\Campus\Projects\Smart-Rice-Paddy-Storage\mqtt
11 silly lifecycle mqtt-server@1.0.0~start: Args: [ '/d /s /c', 'nodemon index.js' ]
12 verbose stack Error: kill ENOSYS
12 verbose stack     at exports._errnoException (util.js:1020:11)
12 verbose stack     at process.kill (internal/process.js:190:13)
12 verbose stack     at process.listener (C:\Program Files\nodejs\node_modules\npm\node_modules\npmlog\node_modules\gauge\node_modules\signal-exit\index.js:86:15)
12 verbose stack     at emitNone (events.js:91:20)
12 verbose stack     at process.emit (events.js:185:7)
12 verbose stack     at processEmit (C:\Program Files\nodejs\node_modules\npm\node_modules\npmlog\node_modules\gauge\node_modules\signal-exit\index.js:146:32)
12 verbose stack     at processEmit (C:\Program Files\nodejs\node_modules\npm\node_modules\npm-registry-client\node_modules\npmlog\node_modules\gauge\node_modules\signal-exit\index.js:146:32)
12 verbose stack     at Signal.wrap.onsignal (internal/process.js:217:44)
13 verbose cwd E:\Campus\Projects\Smart-Rice-Paddy-Storage\mqtt
14 error Windows_NT 10.0.15063
15 error argv "C:\\Program Files\\nodejs\\node.exe" "C:\\Program Files\\nodejs\\node_modules\\npm\\bin\\npm-cli.js" "start"
16 error node v6.11.2
17 error npm  v3.10.10
18 error code ENOSYS
19 error errno ENOSYS
20 error syscall kill
21 error kill ENOSYS
22 error If you need help, you may report this error at:
22 error     <https://github.com/npm/npm/issues>
23 verbose exit [ 1, true ]
